=== 文件改名工具调试日志 ===
[2025-08-28 20:35:37.402400] 添加规则: 原字段: c, 新字段: D
[2025-08-28 20:35:45.386386] 添加规则: 原字段: n, 新字段: NRM
[2025-08-28 20:35:56.151171] 开始改名: 文件数量: 2
[2025-08-28 20:35:56.151171] 字段配置: 当前字段数: 6
[2025-08-28 20:35:56.152171] 原始文件名: 原文件名: vfx_debris_concrete_1_n&vfx_debris_concrete_1_g~4920781723493879738, 分割后: ['vfx', 'debris', 'concrete', '1', 'n', 'vfx', 'debris', 'concrete', '1', 'g', '4920781723493879738']
[2025-08-28 20:35:56.153172] 字段处理: 位置1: 原字段值: T
[2025-08-28 20:35:56.153172] 当前规则: 可用规则: [('c', 'D'), ('n', 'NRM')]
[2025-08-28 20:35:56.154171] 特殊标记处理: 位置1: 开始处理字段: T
[2025-08-28 20:35:56.154171] 规则处理: 位置1: 开始应用转换规则
[2025-08-28 20:35:56.155172] 字段处理: 位置1: 最终字段值: T
[2025-08-28 20:35:56.155172] 字段处理: 位置2: 原字段值: {1}
[2025-08-28 20:35:56.155172] 当前规则: 可用规则: [('c', 'D'), ('n', 'NRM')]
[2025-08-28 20:35:56.156172] 特殊标记处理: 位置2: 开始处理字段: {1}
[2025-08-28 20:35:56.156172] 特殊标记处理: 位置2: 检测到{n}引用
[2025-08-28 20:35:56.157172] 特殊标记处理: 位置2: 替换{n}为: vfx
[2025-08-28 20:35:56.157172] 特殊标记处理: 位置2: 替换{n}后字段: vfx
[2025-08-28 20:35:56.158172] 规则处理: 位置2: 开始应用转换规则
[2025-08-28 20:35:56.158172] 字段处理: 位置2: 最终字段值: vfx
[2025-08-28 20:35:56.159172] 字段处理: 位置3: 原字段值: {2}
[2025-08-28 20:35:56.159172] 当前规则: 可用规则: [('c', 'D'), ('n', 'NRM')]
[2025-08-28 20:35:56.160173] 特殊标记处理: 位置3: 开始处理字段: {2}
[2025-08-28 20:35:56.160173] 特殊标记处理: 位置3: 检测到{n}引用
[2025-08-28 20:35:56.161173] 特殊标记处理: 位置3: 替换{n}为: debris
[2025-08-28 20:35:56.161173] 特殊标记处理: 位置3: 替换{n}后字段: debris
[2025-08-28 20:35:56.162174] 规则处理: 位置3: 开始应用转换规则
[2025-08-28 20:35:56.163173] 字段处理: 位置3: 最终字段值: debris
[2025-08-28 20:35:56.163173] 字段处理: 位置4: 原字段值: {3}
[2025-08-28 20:35:56.164174] 当前规则: 可用规则: [('c', 'D'), ('n', 'NRM')]
[2025-08-28 20:35:56.164174] 特殊标记处理: 位置4: 开始处理字段: {3}
[2025-08-28 20:35:56.165174] 特殊标记处理: 位置4: 检测到{n}引用
[2025-08-28 20:35:56.165174] 特殊标记处理: 位置4: 替换{n}为: concrete
[2025-08-28 20:35:56.166174] 特殊标记处理: 位置4: 替换{n}后字段: concrete
[2025-08-28 20:35:56.166174] 规则处理: 位置4: 开始应用转换规则
[2025-08-28 20:35:56.167175] 规则处理: 位置4: 处理规则 c→D
[2025-08-28 20:35:56.167175] 规则处理: 位置4: 处理规则 n→NRM
[2025-08-28 20:35:56.168175] 字段处理: 位置4: 最终字段值: DoNRMDrete
[2025-08-28 20:35:56.168175] 字段处理: 位置5: 原字段值: {4}
[2025-08-28 20:35:56.169176] 当前规则: 可用规则: [('c', 'D'), ('n', 'NRM')]
[2025-08-28 20:35:56.169176] 特殊标记处理: 位置5: 开始处理字段: {4}
[2025-08-28 20:35:56.170176] 特殊标记处理: 位置5: 检测到{n}引用
[2025-08-28 20:35:56.170176] 特殊标记处理: 位置5: 替换{n}为: 1
[2025-08-28 20:35:56.171176] 特殊标记处理: 位置5: 替换{n}后字段: 1
[2025-08-28 20:35:56.171176] 规则处理: 位置5: 开始应用转换规则
[2025-08-28 20:35:56.171176] 字段处理: 位置5: 最终字段值: 1
[2025-08-28 20:35:56.172175] 字段处理: 位置6: 原字段值: {5}
[2025-08-28 20:35:56.172175] 当前规则: 可用规则: [('c', 'D'), ('n', 'NRM')]
[2025-08-28 20:35:56.173177] 特殊标记处理: 位置6: 开始处理字段: {5}
[2025-08-28 20:35:56.173177] 特殊标记处理: 位置6: 检测到{n}引用
[2025-08-28 20:35:56.174176] 特殊标记处理: 位置6: 替换{n}为: NRM
[2025-08-28 20:35:56.174176] 特殊标记处理: 位置6: 替换{n}后字段: NRM
[2025-08-28 20:35:56.175176] 规则处理: 位置6: 开始应用转换规则
[2025-08-28 20:35:56.175176] 字段处理: 位置6: 最终字段值: NRM
[2025-08-28 20:35:56.176176] 结果生成: 组合字段: ['T', 'vfx', 'debris', 'DoNRMDrete', '1', 'NRM']
[2025-08-28 20:35:56.176176] 结果生成: 生成的新文件名: T_vfx_debris_DoNRMDrete_1_NRM
[2025-08-28 20:35:56.178177] 改名成功: 原文件: C:\Users\yangjili\Desktop\test\混凝土受击碎块模型+贴图\vfx_debris_concrete_1_g1\_images\mtl_debris_concrete_1\vfx_debris_concrete_1_n&vfx_debris_concrete_1_g~4920781723493879738.png, 新文件: C:\Users\yangjili\Desktop\test\混凝土受击碎块模型+贴图\vfx_debris_concrete_1_g1\_images\mtl_debris_concrete_1\T_vfx_debris_DoNRMDrete_1_NRM.png
[2025-08-28 20:35:56.179177] 字段配置: 当前字段数: 6
[2025-08-28 20:35:56.180178] 原始文件名: 原文件名: vfx_debris_concrete_1_c&defaultspec~2483208238056613303, 分割后: ['vfx', 'debris', 'concrete', '1', 'c', 'defaultspec', '2483208238056613303']
[2025-08-28 20:35:56.181179] 字段处理: 位置1: 原字段值: T
[2025-08-28 20:35:56.181179] 当前规则: 可用规则: [('c', 'D'), ('n', 'NRM')]
[2025-08-28 20:35:56.182178] 特殊标记处理: 位置1: 开始处理字段: T
[2025-08-28 20:35:56.182178] 规则处理: 位置1: 开始应用转换规则
[2025-08-28 20:35:56.183178] 字段处理: 位置1: 最终字段值: T
[2025-08-28 20:35:56.183178] 字段处理: 位置2: 原字段值: {1}
[2025-08-28 20:35:56.184178] 当前规则: 可用规则: [('c', 'D'), ('n', 'NRM')]
[2025-08-28 20:35:56.184178] 特殊标记处理: 位置2: 开始处理字段: {1}
[2025-08-28 20:35:56.185178] 特殊标记处理: 位置2: 检测到{n}引用
[2025-08-28 20:35:56.185178] 特殊标记处理: 位置2: 替换{n}为: vfx
[2025-08-28 20:35:56.186179] 特殊标记处理: 位置2: 替换{n}后字段: vfx
[2025-08-28 20:35:56.186179] 规则处理: 位置2: 开始应用转换规则
[2025-08-28 20:35:56.187179] 字段处理: 位置2: 最终字段值: vfx
[2025-08-28 20:35:56.187695] 字段处理: 位置3: 原字段值: {2}
[2025-08-28 20:35:56.187695] 当前规则: 可用规则: [('c', 'D'), ('n', 'NRM')]
[2025-08-28 20:35:56.188686] 特殊标记处理: 位置3: 开始处理字段: {2}
[2025-08-28 20:35:56.188686] 特殊标记处理: 位置3: 检测到{n}引用
[2025-08-28 20:35:56.189506] 特殊标记处理: 位置3: 替换{n}为: debris
[2025-08-28 20:35:56.189686] 特殊标记处理: 位置3: 替换{n}后字段: debris
[2025-08-28 20:35:56.189686] 规则处理: 位置3: 开始应用转换规则
[2025-08-28 20:35:56.190686] 字段处理: 位置3: 最终字段值: debris
[2025-08-28 20:35:56.190686] 字段处理: 位置4: 原字段值: {3}
[2025-08-28 20:35:56.191687] 当前规则: 可用规则: [('c', 'D'), ('n', 'NRM')]
[2025-08-28 20:35:56.191687] 特殊标记处理: 位置4: 开始处理字段: {3}
[2025-08-28 20:35:56.191687] 特殊标记处理: 位置4: 检测到{n}引用
[2025-08-28 20:35:56.192687] 特殊标记处理: 位置4: 替换{n}为: concrete
[2025-08-28 20:35:56.193687] 特殊标记处理: 位置4: 替换{n}后字段: concrete
[2025-08-28 20:35:56.194204] 规则处理: 位置4: 开始应用转换规则
[2025-08-28 20:35:56.194204] 规则处理: 位置4: 处理规则 c→D
[2025-08-28 20:35:56.194204] 规则处理: 位置4: 处理规则 n→NRM
[2025-08-28 20:35:56.195194] 字段处理: 位置4: 最终字段值: DoNRMDrete
[2025-08-28 20:35:56.195194] 字段处理: 位置5: 原字段值: {4}
[2025-08-28 20:35:56.196194] 当前规则: 可用规则: [('c', 'D'), ('n', 'NRM')]
[2025-08-28 20:35:56.197195] 特殊标记处理: 位置5: 开始处理字段: {4}
[2025-08-28 20:35:56.197195] 特殊标记处理: 位置5: 检测到{n}引用
[2025-08-28 20:35:56.198195] 特殊标记处理: 位置5: 替换{n}为: 1
[2025-08-28 20:35:56.198195] 特殊标记处理: 位置5: 替换{n}后字段: 1
[2025-08-28 20:35:56.199195] 规则处理: 位置5: 开始应用转换规则
[2025-08-28 20:35:56.199195] 字段处理: 位置5: 最终字段值: 1
[2025-08-28 20:35:56.200195] 字段处理: 位置6: 原字段值: {5}
[2025-08-28 20:35:56.200195] 当前规则: 可用规则: [('c', 'D'), ('n', 'NRM')]
[2025-08-28 20:35:56.200195] 特殊标记处理: 位置6: 开始处理字段: {5}
[2025-08-28 20:35:56.201196] 特殊标记处理: 位置6: 检测到{n}引用
[2025-08-28 20:35:56.202196] 特殊标记处理: 位置6: 替换{n}为: D
[2025-08-28 20:35:56.202196] 特殊标记处理: 位置6: 替换{n}后字段: D
[2025-08-28 20:35:56.203196] 规则处理: 位置6: 开始应用转换规则
[2025-08-28 20:35:56.203196] 字段处理: 位置6: 最终字段值: D
[2025-08-28 20:35:56.204197] 结果生成: 组合字段: ['T', 'vfx', 'debris', 'DoNRMDrete', '1', 'D']
[2025-08-28 20:35:56.204197] 结果生成: 生成的新文件名: T_vfx_debris_DoNRMDrete_1_D
[2025-08-28 20:35:56.206197] 改名成功: 原文件: C:\Users\yangjili\Desktop\test\混凝土受击碎块模型+贴图\vfx_debris_concrete_1_g1\_images\mtl_debris_concrete_1\vfx_debris_concrete_1_c&defaultspec~2483208238056613303.png, 新文件: C:\Users\yangjili\Desktop\test\混凝土受击碎块模型+贴图\vfx_debris_concrete_1_g1\_images\mtl_debris_concrete_1\T_vfx_debris_DoNRMDrete_1_D.png
